Using pre-set license
Built from '2021.3/staging' branch; Version is '2021.3.9f1 (ad3870b89536) revision 11352176'; Using compiler version '192829333'; Build Type 'Release'
OS: 'Windows 10  (10.0.19041) 64bit Professional' Language: 'ru' Physical Memory: 16159 MB
BatchMode: 1, IsHumanControllingUs: 0, StartBugReporterOnCrash: 0, Is64bit: 1, IsPro: 1

COMMAND LINE ARGUMENTS:
C:\Program Files\Unity\Hub\Editor\2021.3.9f1\Editor\Unity.exe
-adb2
-batchMode
-noUpm
-name
AssetImportWorker0
-projectPath
C:/Users/user.ITHUB/AtomicReactorLab-main/My project (2)
-logFile
Logs/AssetImportWorker0.log
-srvPort
63485
Successfully changed project path to: C:/Users/user.ITHUB/AtomicReactorLab-main/My project (2)
C:/Users/user.ITHUB/AtomicReactorLab-main/My project (2)
[UnityMemory] Configuration Parameters - Can be set up in boot.config
    "memorysetup-bucket-allocator-granularity=16"
    "memorysetup-bucket-allocator-bucket-count=8"
    "memorysetup-bucket-allocator-block-size=33554432"
    "memorysetup-bucket-allocator-block-count=8"
    "memorysetup-main-allocator-block-size=16777216"
    "memorysetup-thread-allocator-block-size=16777216"
    "memorysetup-gfx-main-allocator-block-size=16777216"
    "memorysetup-gfx-thread-allocator-block-size=16777216"
    "memorysetup-cache-allocator-block-size=4194304"
    "memorysetup-typetree-allocator-block-size=2097152"
    "memorysetup-profiler-bucket-allocator-granularity=16"
    "memorysetup-profiler-bucket-allocator-bucket-count=8"
    "memorysetup-profiler-bucket-allocator-block-size=33554432"
    "memorysetup-profiler-bucket-allocator-block-count=8"
    "memorysetup-profiler-allocator-block-size=16777216"
    "memorysetup-profiler-editor-allocator-block-size=1048576"
    "memorysetup-temp-allocator-size-main=16777216"
    "memorysetup-job-temp-allocator-block-size=2097152"
    "memorysetup-job-temp-allocator-block-size-background=1048576"
    "memorysetup-job-temp-allocator-reduction-small-platforms=262144"
    "memorysetup-temp-allocator-size-background-worker=32768"
    "memorysetup-temp-allocator-size-job-worker=262144"
    "memorysetup-temp-allocator-size-preload-manager=33554432"
    "memorysetup-temp-allocator-size-nav-mesh-worker=65536"
    "memorysetup-temp-allocator-size-audio-worker=65536"
    "memorysetup-temp-allocator-size-cloud-worker=32768"
    "memorysetup-temp-allocator-size-gi-baking-worker=262144"
    "memorysetup-temp-allocator-size-gfx=262144"
Refreshing native plugins compatible for Editor in 70.58 ms, found 3 plugins.
Preloading 0 native plugins for Editor in 0.00 ms.
Initialize engine version: 2021.3.9f1 (ad3870b89536)
[Subsystems] Discovering subsystems at path C:/Program Files/Unity/Hub/Editor/2021.3.9f1/Editor/Data/Resources/UnitySubsystems
[Subsystems] Discovering subsystems at path C:/Users/user.ITHUB/AtomicReactorLab-main/My project (2)/Assets
GfxDevice: creating device client; threaded=0; jobified=0
Direct3D:
    Version:  Direct3D 11.0 [level 11.1]
    Renderer: Intel(R) UHD Graphics 630 (ID=0x9bc8)
    Vendor:   Intel
    VRAM:     8079 MB
    Driver:   27.20.100.8984
Initialize mono
Mono path[0] = 'C:/Program Files/Unity/Hub/Editor/2021.3.9f1/Editor/Data/Managed'
Mono path[1] = 'C:/Program Files/Unity/Hub/Editor/2021.3.9f1/Editor/Data/MonoBleedingEdge/lib/mono/unityjit-win32'
Mono config path = 'C:/Program Files/Unity/Hub/Editor/2021.3.9f1/Editor/Data/MonoBleedingEdge/etc'
Using monoOptions --debugger-agent=transport=dt_socket,embedding=1,server=y,suspend=n,address=127.0.0.1:56700
Begin MonoManager ReloadAssembly
Registering precompiled unity dll's ...
Register platform support module: C:/Program Files/Unity/Hub/Editor/2021.3.9f1/Editor/Data/PlaybackEngines/WebGLSupport/UnityEditor.WebGL.Extensions.dll
Register platform support module: C:/Program Files/Unity/Hub/Editor/2021.3.9f1/Editor/Data/PlaybackEngines/AndroidPlayer/UnityEditor.Android.Extensions.dll
Register platform support module: C:/Program Files/Unity/Hub/Editor/2021.3.9f1/Editor/Data/PlaybackEngines/iOSSupport/UnityEditor.iOS.Extensions.dll
Register platform support module: C:/Program Files/Unity/Hub/Editor/2021.3.9f1/Editor/Data/PlaybackEngines/WindowsStandaloneSupport/UnityEditor.WindowsStandalone.Extensions.dll
Register platform support module: C:/Program Files/Unity/Hub/Editor/2021.3.9f1/Editor/Data/PlaybackEngines/LinuxStandaloneSupport/UnityEditor.LinuxStandalone.Extensions.dll
Register platform support module: C:/Program Files/Unity/Hub/Editor/2021.3.9f1/Editor/Data/PlaybackEngines/MetroSupport/UnityEditor.UWP.Extensions.dll
Registered in 0.006044 seconds.
Native extension for UWP target not found
Native extension for LinuxStandalone target not found
Native extension for WindowsStandalone target not found
[usbmuxd] Start listen thread
[usbmuxd] Listen thread started
Native extension for iOS target not found
Native extension for Android target not found
Native extension for WebGL target not found
Refreshing native plugins compatible for Editor in 68.27 ms, found 3 plugins.
Preloading 0 native plugins for Editor in 0.00 ms.
Mono: successfully reloaded assembly
- Completed reload, in  0.590 seconds
Domain Reload Profiling:
	ReloadAssembly (590ms)
		BeginReloadAssembly (65ms)
			ExecutionOrderSort (0ms)
			DisableScriptedObjects (0ms)
			BackupInstance (0ms)
			ReleaseScriptingObjects (0ms)
			CreateAndSetChildDomain (1ms)
		EndReloadAssembly (430ms)
			LoadAssemblies (65ms)
			RebuildTransferFunctionScriptingTraits (0ms)
			SetupTypeCache (102ms)
			ReleaseScriptCaches (0ms)
			RebuildScriptCaches (26ms)
			SetupLoadedEditorAssemblies (259ms)
				LogAssemblyErrors (0ms)
				InitializePlatformSupportModulesInManaged (59ms)
				SetLoadedEditorAssemblies (0ms)
				RefreshPlugins (68ms)
				BeforeProcessingInitializeOnLoad (1ms)
				ProcessInitializeOnLoadAttributes (89ms)
				ProcessInitializeOnLoadMethodAttributes (40ms)
				AfterProcessingInitializeOnLoad (0ms)
				EditorAssembliesLoaded (0ms)
			ExecutionOrderSort2 (0ms)
			AwakeInstancesAfterBackupRestoration (0ms)
Platform modules already initialized, skipping
Registering precompiled user dll's ...
Registered in 0.003326 seconds.
Begin MonoManager ReloadAssembly
Symbol file LoadedFromMemory doesn't match image C:\Users\user.ITHUB\AtomicReactorLab-main\My project (2)\Library\PackageCache\com.unity.visualscripting@1.7.8\Editor\VisualScripting.Core\Dependencies\YamlDotNet\Unity.VisualScripting.YamlDotNet.dll
Symbol file LoadedFromMemory doesn't match image C:\Users\user.ITHUB\AtomicReactorLab-main\My project (2)\Library\PackageCache\com.unity.visualscripting@1.7.8\Editor\VisualScripting.Core\Dependencies\DotNetZip\Unity.VisualScripting.IonicZip.dll
Native extension for UWP target not found
Native extension for LinuxStandalone target not found
Native extension for WindowsStandalone target not found
Native extension for iOS target not found
Native extension for Android target not found
Native extension for WebGL target not found
Refreshing native plugins compatible for Editor in 0.52 ms, found 3 plugins.
Preloading 0 native plugins for Editor in 0.00 ms.
Mono: successfully reloaded assembly
- Completed reload, in  1.073 seconds
Domain Reload Profiling:
	ReloadAssembly (1073ms)
		BeginReloadAssembly (229ms)
			ExecutionOrderSort (0ms)
			DisableScriptedObjects (5ms)
			BackupInstance (0ms)
			ReleaseScriptingObjects (0ms)
			CreateAndSetChildDomain (135ms)
		EndReloadAssembly (745ms)
			LoadAssemblies (91ms)
			RebuildTransferFunctionScriptingTraits (0ms)
			SetupTypeCache (250ms)
			ReleaseScriptCaches (1ms)
			RebuildScriptCaches (50ms)
			SetupLoadedEditorAssemblies (334ms)
				LogAssemblyErrors (0ms)
				InitializePlatformSupportModulesInManaged (24ms)
				SetLoadedEditorAssemblies (0ms)
				RefreshPlugins (1ms)
				BeforeProcessingInitializeOnLoad (77ms)
				ProcessInitializeOnLoadAttributes (203ms)
				ProcessInitializeOnLoadMethodAttributes (25ms)
				AfterProcessingInitializeOnLoad (3ms)
				EditorAssembliesLoaded (0ms)
			ExecutionOrderSort2 (0ms)
			AwakeInstancesAfterBackupRestoration (5ms)
Platform modules already initialized, skipping
========================================================================
Worker process is ready to serve import requests
Launched and connected shader compiler UnityShaderCompiler.exe after 0.04 seconds
Refreshing native plugins compatible for Editor in 0.50 ms, found 3 plugins.
Preloading 0 native plugins for Editor in 0.00 ms.
Unloading 3401 Unused Serialized files (Serialized files now loaded: 0)
Unloading 27 unused Assets / (111.5 KB). Loaded Objects now: 3861.
Memory consumption went from 118.7 MB to 118.6 MB.
Total: 3.146600 ms (FindLiveObjects: 0.271400 ms CreateObjectMapping: 0.220200 ms MarkObjects: 2.530100 ms  DeleteObjects: 0.124100 ms)

AssetImportParameters requested are different than current active one (requested -> active):
  custom:video-decoder-ogg-theora: a1e56fd34408186e4bbccfd4996cb3dc -> 
  custom:container-muxer-webm: aa71ff27fc2769a1b78a27578f13a17b -> 
  custom:container-demuxer-webm: 4f35f7cbe854078d1ac9338744f61a02 -> 
  custom:video-encoder-webm-vp8: eb34c28f22e8b96e1ab97ce403110664 -> 
  custom:audio-encoder-webm-vorbis: bf7c407c2cedff20999df2af8eb42d56 -> 
  custom:framework-win-MediaFoundation: 216162199b28c13a410421893ffa2e32 -> 
  custom:container-demuxer-ogg: 62fdf1f143b41e24485cea50d1cbac27 -> 
  custom:video-decoder-webm-vp8: 9c59270c3fd7afecdb556c50c9e8de78 -> 
  custom:audio-decoder-ogg-vorbis: bf7c407c2cedff20999df2af8eb42d56 -> 
========================================================================
Received Import Request.
  Time since last request: 358176.595415 seconds.
  path: Assets/Scenes
  artifactKey: Guid(6ea315d0fd7389c41b19996891e99ae3) Importer(815301076,1909f56bfc062723c751e8b465ee728b)
Start importing Assets/Scenes using Guid(6ea315d0fd7389c41b19996891e99ae3) Importer(815301076,1909f56bfc062723c751e8b465ee728b)  -> (artifact id: 'b8193726cff86800c54781cdc6d54904') in 0.009073 seconds 
========================================================================
Received Import Request.
  Time since last request: 45.914322 seconds.
  path: Assets/Resources/SOs/Resource小oncentratorBD 1.asset
  artifactKey: Guid(985f58550c958534692c12f30daa548a) Importer(815301076,1909f56bfc062723c751e8b465ee728b)
Start importing Assets/Resources/SOs/Resource小oncentratorBD 1.asset using Guid(985f58550c958534692c12f30daa548a) Importer(815301076,1909f56bfc062723c751e8b465ee728b)  -> (artifact id: '9a2c914647425fd919f95e242b6eb69e') in 0.014808 seconds 
========================================================================
Received Import Request.
  Time since last request: 72.137725 seconds.
  path: Assets/Resources/SOs/ResourceTimeData.asset
  artifactKey: Guid(8b90df1f59e59044a96b79ea4717a1aa) Importer(815301076,1909f56bfc062723c751e8b465ee728b)
Start importing Assets/Resources/SOs/ResourceTimeData.asset using Guid(8b90df1f59e59044a96b79ea4717a1aa) Importer(815301076,1909f56bfc062723c751e8b465ee728b)  -> (artifact id: '6fdcc4eeb26be515daa720dcaebc6e0a') in 0.009882 seconds 
========================================================================
Received Import Request.
  Time since last request: 15.513588 seconds.
  path: Assets/Resources/SOs/UraniumTime.asset
  artifactKey: Guid(8b90df1f59e59044a96b79ea4717a1aa) Importer(815301076,1909f56bfc062723c751e8b465ee728b)
Start importing Assets/Resources/SOs/UraniumTime.asset using Guid(8b90df1f59e59044a96b79ea4717a1aa) Importer(815301076,1909f56bfc062723c751e8b465ee728b)  -> (artifact id: '0bb0288d381b109cf95399fb33f2c899') in 0.009445 seconds 
========================================================================
Received Import Request.
  Time since last request: 9.270650 seconds.
  path: Assets/Resources/SOs/New Folder
  artifactKey: Guid(e0063bfa7f5626c47a8cd89452ad9d93) Importer(815301076,1909f56bfc062723c751e8b465ee728b)
Start importing Assets/Resources/SOs/New Folder using Guid(e0063bfa7f5626c47a8cd89452ad9d93) Importer(815301076,1909f56bfc062723c751e8b465ee728b)  -> (artifact id: 'eb099fcf64873591b4611558e01b81a4') in 0.005979 seconds 
========================================================================
Received Import Request.
  Time since last request: 7.348763 seconds.
  path: Assets/Resources/SOs/UraniumTime.asset
  artifactKey: Guid(8b90df1f59e59044a96b79ea4717a1aa) Importer(815301076,1909f56bfc062723c751e8b465ee728b)
Start importing Assets/Resources/SOs/UraniumTime.asset using Guid(8b90df1f59e59044a96b79ea4717a1aa) Importer(815301076,1909f56bfc062723c751e8b465ee728b)  -> (artifact id: 'ec2c0f3a1a47223f616487c040c97339') in 0.002769 seconds 
========================================================================
Received Import Request.
  Time since last request: 31.244360 seconds.
  path: Assets/Resources/SOs/New Folder/PlutoniumTime.asset
  artifactKey: Guid(1d9c025faa5a20148b3da2299d6af812) Importer(815301076,1909f56bfc062723c751e8b465ee728b)
Start importing Assets/Resources/SOs/New Folder/PlutoniumTime.asset using Guid(1d9c025faa5a20148b3da2299d6af812) Importer(815301076,1909f56bfc062723c751e8b465ee728b)  -> (artifact id: '5e31bbe160ed4d8d5dc2b1ec00d91d99') in 0.006889 seconds 
========================================================================
Received Import Request.
  Time since last request: 15.353216 seconds.
  path: Assets/Resources/SOs/New Folder/KryptonTime.asset
  artifactKey: Guid(b61cb3dc364478c47a3418345979cfa8) Importer(815301076,1909f56bfc062723c751e8b465ee728b)
Start importing Assets/Resources/SOs/New Folder/KryptonTime.asset using Guid(b61cb3dc364478c47a3418345979cfa8) Importer(815301076,1909f56bfc062723c751e8b465ee728b)  -> (artifact id: 'b548bc0bd460574c61342238e53ffdf7') in 0.006947 seconds 
========================================================================
Received Import Request.
  Time since last request: 24.588833 seconds.
  path: Assets/Resources/SOs/New Folder/VanadiumTime.asset
  artifactKey: Guid(a7a14524ac048ec489cbbaf249d0506b) Importer(815301076,1909f56bfc062723c751e8b465ee728b)
Start importing Assets/Resources/SOs/New Folder/VanadiumTime.asset using Guid(a7a14524ac048ec489cbbaf249d0506b) Importer(815301076,1909f56bfc062723c751e8b465ee728b)  -> (artifact id: '71ed9393561abb08dd6595e652850b67') in 0.010433 seconds 
========================================================================
Received Import Request.
  Time since last request: 15.303853 seconds.
  path: Assets/Resources/SOs/GermaniumTime.asset
  artifactKey: Guid(57f088dffe9d78346bb6c7726af1d3c3) Importer(815301076,1909f56bfc062723c751e8b465ee728b)
Start importing Assets/Resources/SOs/GermaniumTime.asset using Guid(57f088dffe9d78346bb6c7726af1d3c3) Importer(815301076,1909f56bfc062723c751e8b465ee728b)  -> (artifact id: '7240d8115ef56255adb7d803d702fac0') in 0.006004 seconds 
========================================================================
Received Import Request.
  Time since last request: 200.575174 seconds.
  path: Assets/Resources/PlutD.jpg
  artifactKey: Guid(91069017177a16b41b04ebe0aaf8a4ef) Importer(815301076,1909f56bfc062723c751e8b465ee728b)
Start importing Assets/Resources/PlutD.jpg using Guid(91069017177a16b41b04ebe0aaf8a4ef) Importer(815301076,1909f56bfc062723c751e8b465ee728b)  -> (artifact id: '8ef55dbca107ff83674ce25e234478f9') in 0.060234 seconds 
========================================================================
Received Import Request.
  Time since last request: 13.061743 seconds.
  path: Assets/Resources/PlutD.jpg
  artifactKey: Guid(91069017177a16b41b04ebe0aaf8a4ef) Importer(815301076,1909f56bfc062723c751e8b465ee728b)
Start importing Assets/Resources/PlutD.jpg using Guid(91069017177a16b41b04ebe0aaf8a4ef) Importer(815301076,1909f56bfc062723c751e8b465ee728b)  -> (artifact id: 'b9d35143e34ce5d77aba793038bdee3a') in 0.012572 seconds 
========================================================================
Received Import Request.
  Time since last request: 5.101478 seconds.
  path: Assets/Resources/PlutE.jpg
  artifactKey: Guid(7143164a2026e75488a513628ba69461) Importer(815301076,1909f56bfc062723c751e8b465ee728b)
Start importing Assets/Resources/PlutE.jpg using Guid(7143164a2026e75488a513628ba69461) Importer(815301076,1909f56bfc062723c751e8b465ee728b)  -> (artifact id: 'd0f0a557c370782e4dffb8a70826f16e') in 0.015614 seconds 
========================================================================
Received Import Request.
  Time since last request: 8.199744 seconds.
  path: Assets/Resources/PlutE.jpg
  artifactKey: Guid(7143164a2026e75488a513628ba69461) Importer(815301076,1909f56bfc062723c751e8b465ee728b)
Start importing Assets/Resources/PlutE.jpg using Guid(7143164a2026e75488a513628ba69461) Importer(815301076,1909f56bfc062723c751e8b465ee728b)  -> (artifact id: 'fc287f8af6c4429cf21e9dc950711fee') in 0.073719 seconds 
========================================================================
Received Import Request.
  Time since last request: 4.177003 seconds.
  path: Assets/Resources/PlutD.jpg
  artifactKey: Guid(91069017177a16b41b04ebe0aaf8a4ef) Importer(815301076,1909f56bfc062723c751e8b465ee728b)
Start importing Assets/Resources/PlutD.jpg using Guid(91069017177a16b41b04ebe0aaf8a4ef) Importer(815301076,1909f56bfc062723c751e8b465ee728b)  -> (artifact id: '5af9b04d6e2eb8cc6537d0db7b345f70') in 0.034437 seconds 
========================================================================
Received Import Request.
  Time since last request: 114.370344 seconds.
  path: Assets/Resources/VanaD.jpg
  artifactKey: Guid(c8fffa7504570cc4ea20db9fb96227c1) Importer(815301076,1909f56bfc062723c751e8b465ee728b)
Start importing Assets/Resources/VanaD.jpg using Guid(c8fffa7504570cc4ea20db9fb96227c1) Importer(815301076,1909f56bfc062723c751e8b465ee728b)  -> (artifact id: '041768d82fb73a7148e8ffce2836ea30') in 0.030270 seconds 
========================================================================
Received Import Request.
  Time since last request: 5.835658 seconds.
  path: Assets/Resources/VanaE.jpg
  artifactKey: Guid(4068e10125becb54d99980f4e7abf2bd) Importer(815301076,1909f56bfc062723c751e8b465ee728b)
Start importing Assets/Resources/VanaE.jpg using Guid(4068e10125becb54d99980f4e7abf2bd) Importer(815301076,1909f56bfc062723c751e8b465ee728b)  -> (artifact id: 'e3c7dd5b385dc76c4bdca16e5d2b10c5') in 0.015697 seconds 
========================================================================
Received Import Request.
  Time since last request: 3.858174 seconds.
  path: Assets/Resources/VanaD.jpg
  artifactKey: Guid(c8fffa7504570cc4ea20db9fb96227c1) Importer(815301076,1909f56bfc062723c751e8b465ee728b)
Start importing Assets/Resources/VanaD.jpg using Guid(c8fffa7504570cc4ea20db9fb96227c1) Importer(815301076,1909f56bfc062723c751e8b465ee728b)  -> (artifact id: 'ecda6b8383a6c318203af63aa23f69a6') in 0.046771 seconds 
========================================================================
Received Import Request.
  Time since last request: 5.337084 seconds.
  path: Assets/Resources/VanaD.jpg
  artifactKey: Guid(c8fffa7504570cc4ea20db9fb96227c1) Importer(815301076,1909f56bfc062723c751e8b465ee728b)
Start importing Assets/Resources/VanaD.jpg using Guid(c8fffa7504570cc4ea20db9fb96227c1) Importer(815301076,1909f56bfc062723c751e8b465ee728b)  -> (artifact id: '3c5857bc9d4a97d34bb2d36f3bfe1c13') in 0.292807 seconds 
========================================================================
Received Import Request.
  Time since last request: 1.976515 seconds.
  path: Assets/Resources/VanaE.jpg
  artifactKey: Guid(4068e10125becb54d99980f4e7abf2bd) Importer(815301076,1909f56bfc062723c751e8b465ee728b)
Start importing Assets/Resources/VanaE.jpg using Guid(4068e10125becb54d99980f4e7abf2bd) Importer(815301076,1909f56bfc062723c751e8b465ee728b)  -> (artifact id: '515e1eecf4af3999cd910baac1301f4c') in 0.060783 seconds 
========================================================================
Received Import Request.
  Time since last request: 107.251517 seconds.
  path: Assets/Resources/GermD.jpg
  artifactKey: Guid(9b3ba69dba52f9244abdf9911d1ce986) Importer(815301076,1909f56bfc062723c751e8b465ee728b)
Start importing Assets/Resources/GermD.jpg using Guid(9b3ba69dba52f9244abdf9911d1ce986) Importer(815301076,1909f56bfc062723c751e8b465ee728b)  -> (artifact id: '642007290177e8b3c2bb03d775bd02e0') in 0.027803 seconds 
========================================================================
Received Import Request.
  Time since last request: 6.101102 seconds.
  path: Assets/Resources/GermE.jpg
  artifactKey: Guid(31c9e911600a4f14a8b1aa3e8894e070) Importer(815301076,1909f56bfc062723c751e8b465ee728b)
Start importing Assets/Resources/GermE.jpg using Guid(31c9e911600a4f14a8b1aa3e8894e070) Importer(815301076,1909f56bfc062723c751e8b465ee728b)  -> (artifact id: '44917d43f570b3434f8065d9e77461f9') in 0.022975 seconds 
========================================================================
Received Import Request.
  Time since last request: 3.548660 seconds.
  path: Assets/Resources/GermD.jpg
  artifactKey: Guid(9b3ba69dba52f9244abdf9911d1ce986) Importer(815301076,1909f56bfc062723c751e8b465ee728b)
Start importing Assets/Resources/GermD.jpg using Guid(9b3ba69dba52f9244abdf9911d1ce986) Importer(815301076,1909f56bfc062723c751e8b465ee728b)  -> (artifact id: 'd9d06a616bf7c716c3a397d517cd31f8') in 0.012956 seconds 
========================================================================
Received Import Request.
  Time since last request: 6.978150 seconds.
  path: Assets/Resources/GermE.jpg
  artifactKey: Guid(31c9e911600a4f14a8b1aa3e8894e070) Importer(815301076,1909f56bfc062723c751e8b465ee728b)
Start importing Assets/Resources/GermE.jpg using Guid(31c9e911600a4f14a8b1aa3e8894e070) Importer(815301076,1909f56bfc062723c751e8b465ee728b)  -> (artifact id: 'bcf7a24b0dbb99c706634e744f5eafd1') in 0.125534 seconds 
========================================================================
Received Import Request.
  Time since last request: 1.749872 seconds.
  path: Assets/Resources/GermD.jpg
  artifactKey: Guid(9b3ba69dba52f9244abdf9911d1ce986) Importer(815301076,1909f56bfc062723c751e8b465ee728b)
Start importing Assets/Resources/GermD.jpg using Guid(9b3ba69dba52f9244abdf9911d1ce986) Importer(815301076,1909f56bfc062723c751e8b465ee728b)  -> (artifact id: '87961d8c4144a449433455c892d2dc59') in 0.038094 seconds 
========================================================================
Received Import Request.
  Time since last request: 102.546188 seconds.
  path: Assets/Resources/KryptonD.jpg
  artifactKey: Guid(088f092da23ef1f4eaba3131a6c28768) Importer(815301076,1909f56bfc062723c751e8b465ee728b)
Start importing Assets/Resources/KryptonD.jpg using Guid(088f092da23ef1f4eaba3131a6c28768) Importer(815301076,1909f56bfc062723c751e8b465ee728b)  -> (artifact id: 'e1f93926e9df31c3a2ff6ec251ba35db') in 0.018874 seconds 
========================================================================
Received Import Request.
  Time since last request: 4.666392 seconds.
  path: Assets/Resources/KryptonD.jpg
  artifactKey: Guid(088f092da23ef1f4eaba3131a6c28768) Importer(815301076,1909f56bfc062723c751e8b465ee728b)
Start importing Assets/Resources/KryptonD.jpg using Guid(088f092da23ef1f4eaba3131a6c28768) Importer(815301076,1909f56bfc062723c751e8b465ee728b)  -> (artifact id: '2e94ab90c76ddfeb7b297ffaac96cbd4') in 0.015379 seconds 
========================================================================
Received Import Request.
  Time since last request: 3.230024 seconds.
  path: Assets/Resources/KryptonE.png
  artifactKey: Guid(ced137d2449e137459e3c206c750092f) Importer(815301076,1909f56bfc062723c751e8b465ee728b)
Start importing Assets/Resources/KryptonE.png using Guid(ced137d2449e137459e3c206c750092f) Importer(815301076,1909f56bfc062723c751e8b465ee728b)  -> (artifact id: 'fb00cf95358cc08695d2f44da37dd343') in 0.014614 seconds 
========================================================================
Received Import Request.
  Time since last request: 9.675560 seconds.
  path: Assets/Resources/KryptonD.jpg
  artifactKey: Guid(088f092da23ef1f4eaba3131a6c28768) Importer(815301076,1909f56bfc062723c751e8b465ee728b)
Start importing Assets/Resources/KryptonD.jpg using Guid(088f092da23ef1f4eaba3131a6c28768) Importer(815301076,1909f56bfc062723c751e8b465ee728b)  -> (artifact id: 'c987dd630fed475066e56951c78e4e77') in 0.053921 seconds 
========================================================================
Received Import Request.
  Time since last request: 1.881367 seconds.
  path: Assets/Resources/KryptonE.png
  artifactKey: Guid(ced137d2449e137459e3c206c750092f) Importer(815301076,1909f56bfc062723c751e8b465ee728b)
Start importing Assets/Resources/KryptonE.png using Guid(ced137d2449e137459e3c206c750092f) Importer(815301076,1909f56bfc062723c751e8b465ee728b)  -> (artifact id: '6fd2b612b788082b0668ce9b7c7db4fe') in 0.037637 seconds 
========================================================================
Received Import Request.
  Time since last request: 100.205680 seconds.
  path: Assets/Resources/SOs/GermaniumTime.asset
  artifactKey: Guid(57f088dffe9d78346bb6c7726af1d3c3) Importer(815301076,1909f56bfc062723c751e8b465ee728b)
Start importing Assets/Resources/SOs/GermaniumTime.asset using Guid(57f088dffe9d78346bb6c7726af1d3c3) Importer(815301076,1909f56bfc062723c751e8b465ee728b)  -> (artifact id: 'dfb8a8384b23fec44a582222fee7379f') in 0.002378 seconds 
========================================================================
Received Import Request.
  Time since last request: 0.000030 seconds.
  path: Assets/Resources/SOs/Resource小oncentratorBD 1.asset
  artifactKey: Guid(985f58550c958534692c12f30daa548a) Importer(815301076,1909f56bfc062723c751e8b465ee728b)
Start importing Assets/Resources/SOs/Resource小oncentratorBD 1.asset using Guid(985f58550c958534692c12f30daa548a) Importer(815301076,1909f56bfc062723c751e8b465ee728b)  -> (artifact id: 'a63a4b76cf4f0c8704f2a10d166ae11a') in 0.005600 seconds 
========================================================================
Received Import Request.
  Time since last request: 0.000070 seconds.
  path: Assets/Resources/SOs/VanadiumTime.asset
  artifactKey: Guid(a7a14524ac048ec489cbbaf249d0506b) Importer(815301076,1909f56bfc062723c751e8b465ee728b)
Start importing Assets/Resources/SOs/VanadiumTime.asset using Guid(a7a14524ac048ec489cbbaf249d0506b) Importer(815301076,1909f56bfc062723c751e8b465ee728b)  -> (artifact id: 'e26abae4af3a2e6b0048030bd4a8947b') in 0.002950 seconds 
========================================================================
Received Prepare
Registering precompiled user dll's ...
Registered in 0.003822 seconds.
Begin MonoManager ReloadAssembly
Symbol file LoadedFromMemory doesn't match image C:\Users\user.ITHUB\AtomicReactorLab-main\My project (2)\Library\PackageCache\com.unity.visualscripting@1.7.8\Editor\VisualScripting.Core\Dependencies\YamlDotNet\Unity.VisualScripting.YamlDotNet.dll
Symbol file LoadedFromMemory doesn't match image C:\Users\user.ITHUB\AtomicReactorLab-main\My project (2)\Library\PackageCache\com.unity.visualscripting@1.7.8\Editor\VisualScripting.Core\Dependencies\DotNetZip\Unity.VisualScripting.IonicZip.dll
Native extension for UWP target not found
Native extension for LinuxStandalone target not found
Native extension for WindowsStandalone target not found
Native extension for iOS target not found
Native extension for Android target not found
Native extension for WebGL target not found
Refreshing native plugins compatible for Editor in 1.45 ms, found 3 plugins.
Preloading 0 native plugins for Editor in 0.00 ms.
Mono: successfully reloaded assembly
- Completed reload, in  1.519 seconds
Domain Reload Profiling:
	ReloadAssembly (1520ms)
		BeginReloadAssembly (135ms)
			ExecutionOrderSort (0ms)
			DisableScriptedObjects (5ms)
			BackupInstance (0ms)
			ReleaseScriptingObjects (0ms)
			CreateAndSetChildDomain (44ms)
		EndReloadAssembly (1298ms)
			LoadAssemblies (82ms)
			RebuildTransferFunctionScriptingTraits (0ms)
			SetupTypeCache (347ms)
			ReleaseScriptCaches (3ms)
			RebuildScriptCaches (85ms)
			SetupLoadedEditorAssemblies (643ms)
				LogAssemblyErrors (0ms)
				InitializePlatformSupportModulesInManaged (69ms)
				SetLoadedEditorAssemblies (1ms)
				RefreshPlugins (2ms)
				BeforeProcessingInitializeOnLoad (109ms)
				ProcessInitializeOnLoadAttributes (395ms)
				ProcessInitializeOnLoadMethodAttributes (56ms)
				AfterProcessingInitializeOnLoad (9ms)
				EditorAssembliesLoaded (0ms)
			ExecutionOrderSort2 (0ms)
			AwakeInstancesAfterBackupRestoration (12ms)
Platform modules already initialized, skipping
Refreshing native plugins compatible for Editor in 3.76 ms, found 3 plugins.
Preloading 0 native plugins for Editor in 0.00 ms.
Unloading 3383 Unused Serialized files (Serialized files now loaded: 0)
Unloading 20 unused Assets / (78.7 KB). Loaded Objects now: 3892.
Memory consumption went from 121.7 MB to 121.6 MB.
Total: 5.942900 ms (FindLiveObjects: 0.509500 ms CreateObjectMapping: 0.729200 ms MarkObjects: 4.512800 ms  DeleteObjects: 0.189500 ms)

AssetImportParameters requested are different than current active one (requested -> active):
  custom:video-decoder-ogg-theora: a1e56fd34408186e4bbccfd4996cb3dc -> 
  custom:container-muxer-webm: aa71ff27fc2769a1b78a27578f13a17b -> 
  custom:container-demuxer-webm: 4f35f7cbe854078d1ac9338744f61a02 -> 
  custom:video-encoder-webm-vp8: eb34c28f22e8b96e1ab97ce403110664 -> 
  custom:audio-encoder-webm-vorbis: bf7c407c2cedff20999df2af8eb42d56 -> 
  custom:framework-win-MediaFoundation: 216162199b28c13a410421893ffa2e32 -> 
  custom:container-demuxer-ogg: 62fdf1f143b41e24485cea50d1cbac27 -> 
  custom:video-decoder-webm-vp8: 9c59270c3fd7afecdb556c50c9e8de78 -> 
  custom:audio-decoder-ogg-vorbis: bf7c407c2cedff20999df2af8eb42d56 -> 
Editor requested this worker to shutdown with reason: Scaling down because of idle timeout
AssetImportWorker is now disconnected from the server
Process exiting
Exiting without the bug reporter. Application will terminate with return code 0